<?xml version="1.0" encoding="UTF-8"?>
<!-- Generated by org.testng.reporters.JUnitReportReporter -->
<testsuite hostname="DESKTOP-LG362KK" failures="0" tests="3" name="runner.TestRunner" time="19.121" errors="0" timestamp="2023-02-19T16:47:04 EST" skipped="0">
  <testcase classname="runner.TestRunner" name="runScenario" time="6.158"/>
  <system-out/>
  <testcase classname="runner.TestRunner" name="runScenario" time="6.162"/>
  <system-out/>
  <testcase classname="runner.TestRunner" name="runScenario" time="6.801"/>
  <system-out/>
</testsuite> <!-- runner.TestRunner -->
